2024-03-05 01:25:58,489 INFO ProjectOtus [main] Open browser
2024-03-05 01:25:58,544 INFO ProjectOtus [main] Lesson name found: Python QA Engineer
2024-03-05 01:25:58,568 INFO ProjectOtus [main] Course start date and duration: 28 февраля, 2024 · 5 месяцев
2024-03-05 01:26:00,654 INFO ProjectOtus [main] Header present
2024-03-05 01:26:03,754 INFO ProjectOtus [main] Description present
2024-03-05 01:26:06,394 INFO ProjectOtus [main] Course duration is determined
2024-03-05 01:26:08,794 INFO ProjectOtus [main] Expected course format
2024-03-05 01:26:08,828 INFO ProjectOtus [main] Lesson name found: Java QA Engineer. Professional
2024-03-05 01:26:08,845 INFO ProjectOtus [main] Course start date and duration: 29 февраля, 2024 · 4 месяца
2024-03-05 01:26:10,491 INFO ProjectOtus [main] Header present
2024-03-05 01:26:12,329 INFO ProjectOtus [main] Description present
2024-03-05 01:26:13,938 INFO ProjectOtus [main] Course duration is determined
2024-03-05 01:26:16,431 INFO ProjectOtus [main] Expected course format
2024-03-05 01:26:16,463 INFO ProjectOtus [main] Lesson name found: JavaScript QA Engineer
2024-03-05 01:26:16,480 INFO ProjectOtus [main] Course start date and duration: 27 марта, 2024 · 4 месяца
2024-03-05 01:26:18,643 INFO ProjectOtus [main] Header present
2024-03-05 01:26:20,255 INFO ProjectOtus [main] Description present
2024-03-05 01:26:22,713 INFO ProjectOtus [main] Course duration is determined
2024-03-05 01:26:24,441 INFO ProjectOtus [main] Expected course format
2024-03-05 01:26:24,472 INFO ProjectOtus [main] Lesson name found: Java QA Engineer. Basic
2024-03-05 01:26:24,489 INFO ProjectOtus [main] Course start date and duration: 27 марта, 2024 · 4 месяца
2024-03-05 01:26:28,123 INFO ProjectOtus [main] Header present
2024-03-05 01:26:29,739 INFO ProjectOtus [main] Description present
2024-03-05 01:26:31,294 INFO ProjectOtus [main] Course duration is determined
2024-03-05 01:26:33,021 INFO ProjectOtus [main] Expected course format
2024-03-05 01:26:33,053 INFO ProjectOtus [main] Lesson name found: Нагрузочное тестирование
2024-03-05 01:26:33,071 INFO ProjectOtus [main] Course start date and duration: 28 марта, 2024 · 4 месяца
2024-03-05 01:26:35,016 INFO ProjectOtus [main] Header present
2024-03-05 01:26:36,674 INFO ProjectOtus [main] Description present
2024-03-05 01:26:38,207 INFO ProjectOtus [main] Course duration is determined
2024-03-05 01:26:39,975 INFO ProjectOtus [main] Expected course format
2024-03-05 01:26:40,005 INFO ProjectOtus [main] Lesson name found: QA Automation Engineer
2024-03-05 01:26:40,022 INFO ProjectOtus [main] Course start date and duration: 28 марта, 2024 · 10 месяцев
2024-03-05 01:26:41,849 INFO ProjectOtus [main] Header present
2024-03-05 01:26:46,225 INFO ProjectOtus [main] Description present
2024-03-05 01:26:48,004 INFO ProjectOtus [main] Course duration is determined
2024-03-05 01:26:49,555 INFO ProjectOtus [main] Expected course format
2024-03-05 01:26:49,586 INFO ProjectOtus [main] Lesson name found: QA Engineer. Basic
2024-03-05 01:26:49,602 INFO ProjectOtus [main] Course start date and duration: 24 апреля, 2024 · 4 месяца
2024-03-05 01:26:51,297 INFO ProjectOtus [main] Header present
2024-03-05 01:26:53,307 INFO ProjectOtus [main] Description present
2024-03-05 01:26:55,368 INFO ProjectOtus [main] Course duration is determined
2024-03-05 01:26:57,114 INFO ProjectOtus [main] Expected course format
2024-03-05 01:26:57,145 INFO ProjectOtus [main] Lesson name found: Kotlin QA Engineer
2024-03-05 01:26:57,161 INFO ProjectOtus [main] Course start date and duration: 25 апреля, 2024 · 4 месяца
2024-03-05 01:26:59,018 INFO ProjectOtus [main] Header present
2024-03-05 01:27:01,534 INFO ProjectOtus [main] Description present
2024-03-05 01:27:03,628 INFO ProjectOtus [main] Course duration is determined
2024-03-05 01:27:05,327 INFO ProjectOtus [main] Expected course format
2024-03-05 01:27:05,357 INFO ProjectOtus [main] Lesson name found: QA Lead
2024-03-05 01:27:05,374 INFO ProjectOtus [main] Course start date and duration: 25 апреля, 2024 · 6 месяцев
2024-03-05 01:27:07,210 INFO ProjectOtus [main] Header present
2024-03-05 01:27:09,957 INFO ProjectOtus [main] Description present
2024-03-05 01:27:11,654 INFO ProjectOtus [main] Course duration is determined
2024-03-05 01:27:14,473 INFO ProjectOtus [main] Expected course format
2024-03-05 01:27:14,635 INFO ProjectOtus [main] Close browser
2024-03-05 01:28:21,289 INFO ProjectOtus [main] Open browser
2024-03-05 01:28:21,314 INFO ProjectOtus [main] The number of tiles is equal to the given one
2024-03-05 01:28:21,447 INFO ProjectOtus [main] Close browser
2024-03-05 01:31:20,154 INFO ProjectOtus [main] Open browser
2024-03-05 01:31:20,387 INFO ProjectOtus [main] Event tiles are visible
2024-03-05 01:31:20,545 INFO ProjectOtus [main] Close browser
2024-03-05 01:32:55,030 INFO ProjectOtus [main] Open browser
2024-03-05 01:32:55,069 INFO ProjectOtus [main] Dropdown sorting events should not be opened
2024-03-05 01:32:55,135 INFO ProjectOtus [main] Click on the dropdown
2024-03-05 01:33:05,476 INFO ProjectOtus [main] Dropdown sorting events should be opened
2024-03-05 01:33:05,498 INFO ProjectOtus [main] Dropdown list visible
2024-03-05 01:33:05,656 INFO ProjectOtus [main] Close browser
2024-03-05 01:45:17,426 INFO ProjectWork [main] Open browser
2024-03-05 01:45:17,481 INFO ProjectWork [main] Lesson name found: Python QA Engineer
2024-03-05 01:45:17,505 INFO ProjectWork [main] Course start date and duration: 28 февраля, 2024 · 5 месяцев
2024-03-05 01:45:19,570 INFO ProjectWork [main] Header present
2024-03-05 01:45:21,912 INFO ProjectWork [main] Description present
2024-03-05 01:45:24,629 INFO ProjectWork [main] Course duration is determined
2024-03-05 01:45:27,519 INFO ProjectWork [main] Expected course format
2024-03-05 01:45:27,553 INFO ProjectWork [main] Lesson name found: Java QA Engineer. Professional
2024-03-05 01:45:27,571 INFO ProjectWork [main] Course start date and duration: 29 февраля, 2024 · 4 месяца
2024-03-05 01:45:29,076 INFO ProjectWork [main] Header present
2024-03-05 01:45:30,852 INFO ProjectWork [main] Description present
2024-03-05 01:45:32,625 INFO ProjectWork [main] Course duration is determined
2024-03-05 01:45:35,128 INFO ProjectWork [main] Expected course format
2024-03-05 01:45:35,161 INFO ProjectWork [main] Lesson name found: JavaScript QA Engineer
2024-03-05 01:45:35,179 INFO ProjectWork [main] Course start date and duration: 27 марта, 2024 · 4 месяца
2024-03-05 01:45:36,944 INFO ProjectWork [main] Header present
2024-03-05 01:45:39,162 INFO ProjectWork [main] Description present
2024-03-05 01:45:40,680 INFO ProjectWork [main] Course duration is determined
2024-03-05 01:45:42,291 INFO ProjectWork [main] Expected course format
2024-03-05 01:45:42,324 INFO ProjectWork [main] Lesson name found: Java QA Engineer. Basic
2024-03-05 01:45:42,342 INFO ProjectWork [main] Course start date and duration: 27 марта, 2024 · 4 месяца
2024-03-05 01:45:44,204 INFO ProjectWork [main] Header present
2024-03-05 01:45:45,901 INFO ProjectWork [main] Description present
2024-03-05 01:45:47,611 INFO ProjectWork [main] Course duration is determined
2024-03-05 01:45:49,101 INFO ProjectWork [main] Expected course format
2024-03-05 01:45:49,133 INFO ProjectWork [main] Lesson name found: Нагрузочное тестирование
2024-03-05 01:45:49,151 INFO ProjectWork [main] Course start date and duration: 28 марта, 2024 · 4 месяца
2024-03-05 01:45:50,924 INFO ProjectWork [main] Header present
2024-03-05 01:45:52,520 INFO ProjectWork [main] Description present
2024-03-05 01:45:54,925 INFO ProjectWork [main] Course duration is determined
2024-03-05 01:45:56,810 INFO ProjectWork [main] Expected course format
2024-03-05 01:45:56,841 INFO ProjectWork [main] Lesson name found: QA Automation Engineer
2024-03-05 01:45:56,857 INFO ProjectWork [main] Course start date and duration: 28 марта, 2024 · 10 месяцев
2024-03-05 01:45:59,505 INFO ProjectWork [main] Header present
2024-03-05 01:46:01,733 INFO ProjectWork [main] Description present
2024-03-05 01:46:03,902 INFO ProjectWork [main] Course duration is determined
2024-03-05 01:46:05,833 INFO ProjectWork [main] Expected course format
2024-03-05 01:46:05,865 INFO ProjectWork [main] Lesson name found: QA Engineer. Basic
2024-03-05 01:46:05,882 INFO ProjectWork [main] Course start date and duration: 24 апреля, 2024 · 4 месяца
2024-03-05 01:46:07,650 INFO ProjectWork [main] Header present
2024-03-05 01:46:10,778 INFO ProjectWork [main] Description present
2024-03-05 01:46:12,603 INFO ProjectWork [main] Course duration is determined
2024-03-05 01:46:14,482 INFO ProjectWork [main] Expected course format
2024-03-05 01:46:14,513 INFO ProjectWork [main] Lesson name found: Kotlin QA Engineer
2024-03-05 01:46:14,530 INFO ProjectWork [main] Course start date and duration: 25 апреля, 2024 · 4 месяца
2024-03-05 01:46:16,379 INFO ProjectWork [main] Header present
2024-03-05 01:46:17,765 INFO ProjectWork [main] Description present
2024-03-05 01:46:20,029 INFO ProjectWork [main] Course duration is determined
2024-03-05 01:46:21,632 INFO ProjectWork [main] Expected course format
2024-03-05 01:46:21,663 INFO ProjectWork [main] Lesson name found: QA Lead
2024-03-05 01:46:21,680 INFO ProjectWork [main] Course start date and duration: 25 апреля, 2024 · 6 месяцев
2024-03-05 01:46:24,385 INFO ProjectWork [main] Header present
2024-03-05 01:46:25,970 INFO ProjectWork [main] Description present
2024-03-05 01:46:27,662 INFO ProjectWork [main] Course duration is determined
2024-03-05 01:46:29,740 INFO ProjectWork [main] Expected course format
2024-03-05 01:46:29,898 INFO ProjectWork [main] Close browser
2024-03-05 01:48:07,726 INFO ProjectWork [main] Open browser
2024-03-05 01:48:07,780 INFO ProjectWork [main] Lesson name found: Python QA Engineer
2024-03-05 01:48:07,802 INFO ProjectWork [main] Course start date and duration: 28 февраля, 2024 · 5 месяцев
2024-03-05 01:48:10,522 INFO ProjectWork [main] Header present
2024-03-05 01:48:12,634 INFO ProjectWork [main] Description present
2024-03-05 01:48:14,855 INFO ProjectWork [main] Course duration is determined
2024-03-05 01:48:16,833 INFO ProjectWork [main] Expected course format
2024-03-05 01:48:16,870 INFO ProjectWork [main] Lesson name found: Java QA Engineer. Professional
2024-03-05 01:48:16,888 INFO ProjectWork [main] Course start date and duration: 29 февраля, 2024 · 4 месяца
2024-03-05 01:48:18,985 INFO ProjectWork [main] Header present
2024-03-05 01:48:20,503 INFO ProjectWork [main] Description present
2024-03-05 01:48:22,511 INFO ProjectWork [main] Course duration is determined
2024-03-05 01:48:24,307 INFO ProjectWork [main] Expected course format
2024-03-05 01:48:24,340 INFO ProjectWork [main] Lesson name found: JavaScript QA Engineer
2024-03-05 01:48:24,357 INFO ProjectWork [main] Course start date and duration: 27 марта, 2024 · 4 месяца
2024-03-05 01:48:26,270 INFO ProjectWork [main] Header present
2024-03-05 01:48:27,867 INFO ProjectWork [main] Description present
2024-03-05 01:48:29,519 INFO ProjectWork [main] Course duration is determined
2024-03-05 01:48:32,361 INFO ProjectWork [main] Expected course format
2024-03-05 01:48:32,393 INFO ProjectWork [main] Lesson name found: Java QA Engineer. Basic
2024-03-05 01:48:32,410 INFO ProjectWork [main] Course start date and duration: 27 марта, 2024 · 4 месяца
2024-03-05 01:48:35,515 INFO ProjectWork [main] Header present
2024-03-05 01:48:37,462 INFO ProjectWork [main] Description present
2024-03-05 01:48:39,181 INFO ProjectWork [main] Course duration is determined
2024-03-05 01:48:40,862 INFO ProjectWork [main] Expected course format
2024-03-05 01:48:40,894 INFO ProjectWork [main] Lesson name found: Нагрузочное тестирование
2024-03-05 01:48:40,911 INFO ProjectWork [main] Course start date and duration: 28 марта, 2024 · 4 месяца
2024-03-05 01:48:43,119 INFO ProjectWork [main] Header present
2024-03-05 01:48:44,911 INFO ProjectWork [main] Description present
2024-03-05 01:48:46,606 INFO ProjectWork [main] Course duration is determined
2024-03-05 01:48:48,407 INFO ProjectWork [main] Expected course format
2024-03-05 01:48:48,438 INFO ProjectWork [main] Lesson name found: QA Automation Engineer
2024-03-05 01:48:48,455 INFO ProjectWork [main] Course start date and duration: 28 марта, 2024 · 10 месяцев
2024-03-05 01:48:50,236 INFO ProjectWork [main] Header present
2024-03-05 01:48:51,902 INFO ProjectWork [main] Description present
2024-03-05 01:48:54,634 INFO ProjectWork [main] Course duration is determined
2024-03-05 01:48:56,438 INFO ProjectWork [main] Expected course format
2024-03-05 01:48:56,469 INFO ProjectWork [main] Lesson name found: QA Engineer. Basic
2024-03-05 01:48:56,486 INFO ProjectWork [main] Course start date and duration: 24 апреля, 2024 · 4 месяца
2024-03-05 01:48:59,080 INFO ProjectWork [main] Header present
2024-03-05 01:49:00,932 INFO ProjectWork [main] Description present
2024-03-05 01:49:03,372 INFO ProjectWork [main] Course duration is determined
2024-03-05 01:49:04,903 INFO ProjectWork [main] Expected course format
2024-03-05 01:49:04,933 INFO ProjectWork [main] Lesson name found: Kotlin QA Engineer
2024-03-05 01:49:04,952 INFO ProjectWork [main] Course start date and duration: 25 апреля, 2024 · 4 месяца
2024-03-05 01:49:06,656 INFO ProjectWork [main] Header present
2024-03-05 01:49:07,963 INFO ProjectWork [main] Description present
2024-03-05 01:49:10,531 INFO ProjectWork [main] Course duration is determined
2024-03-05 01:49:13,191 INFO ProjectWork [main] Expected course format
2024-03-05 01:49:13,222 INFO ProjectWork [main] Lesson name found: QA Lead
2024-03-05 01:49:13,238 INFO ProjectWork [main] Course start date and duration: 25 апреля, 2024 · 6 месяцев
2024-03-05 01:49:14,765 INFO ProjectWork [main] Header present
2024-03-05 01:49:16,844 INFO ProjectWork [main] Description present
2024-03-05 01:49:18,584 INFO ProjectWork [main] Course duration is determined
2024-03-05 01:49:20,726 INFO ProjectWork [main] Expected course format
2024-03-05 01:49:20,901 INFO ProjectWork [main] Close browser
